<?xml version="1.0" encoding="UTF-8"?>
<testsuite xmlns:xsi="http://www.w3.org/2001/XMLSchema-instance" xsi:noNamespaceSchemaLocation="https://maven.apache.org/surefire/maven-surefire-plugin/xsd/surefire-test-report.xsd" name="com.ljq.project.UserTest" time="12.303" tests="1" errors="1" skipped="0" failures="0">
  <properties>
[...]
</properties>
  <testcase name="test" classname="com.ljq.project.UserTest" time="0.236">
    <error message="Invalid bound statement (not found): com.ljq.project.mapper.UserMapper.selectById" type="org.apache.ibatis.binding.BindingException">org.apache.ibatis.binding.BindingException: Invalid bound statement (not found): com.ljq.project.mapper.UserMapper.selectById
	at com.ljq.project.UserTest.test(UserTest.java:14)
</error>
    <system-out><![CDATA[19:07:42.094 [main] DEBUG org.springframework.test.context.BootstrapUtils - Instantiating CacheAwareContextLoaderDelegate from class [org.springframework.test.context.cache.DefaultCacheAwareContextLoaderDelegate]
19:07:42.103 [main] DEBUG org.springframework.test.context.BootstrapUtils - Instantiating BootstrapContext using constructor [public org.springframework.test.context.support.DefaultBootstrapContext(java.lang.Class,org.springframework.test.context.CacheAwareContextLoaderDelegate)]
19:07:42.127 [main] DEBUG org.springframework.test.context.BootstrapUtils - Instantiating TestContextBootstrapper for test class [com.ljq.project.UserTest] from class [org.springframework.boot.test.context.SpringBootTestContextBootstrapper]
19:07:42.144 [main] INFO org.springframework.boot.test.context.SpringBootTestContextBootstrapper - Neither @ContextConfiguration nor @ContextHierarchy found for test class [com.ljq.project.UserTest], using SpringBootContextLoader
19:07:42.148 [main] DEBUG org.springframework.test.context.support.AbstractContextLoader - Did not detect default resource location for test class [com.ljq.project.UserTest]: class path resource [com/ljq/project/UserTest-context.xml] does not exist
19:07:42.148 [main] DEBUG org.springframework.test.context.support.AbstractContextLoader - Did not detect default resource location for test class [com.ljq.project.UserTest]: class path resource [com/ljq/project/UserTestContext.groovy] does not exist
19:07:42.148 [main] INFO org.springframework.test.context.support.AbstractContextLoader - Could not detect default resource locations for test class [com.ljq.project.UserTest]: no resource found for suffixes {-context.xml, Context.groovy}.
19:07:42.148 [main] INFO org.springframework.test.context.support.AnnotationConfigContextLoaderUtils - Could not detect default configuration classes for test class [com.ljq.project.UserTest]: UserTest does not declare any static, non-private, non-final, nested classes annotated with @Configuration.
19:07:42.180 [main] DEBUG org.springframework.test.context.support.ActiveProfilesUtils - Could not find an 'annotation declaring class' for annotation type [org.springframework.test.context.ActiveProfiles] and class [com.ljq.project.UserTest]
19:07:42.230 [main] DEBUG org.springframework.context.annotation.ClassPathScanningCandidateComponentProvider - Identified candidate component class: file [D:\project\springcloud-ljqinit\springcloud-ljqinit\provider\target\classes\com\ljq\project\ProviderApplication.class]
19:07:42.230 [main] INFO org.springframework.boot.test.context.SpringBootTestContextBootstrapper - Found @SpringBootConfiguration com.ljq.project.ProviderApplication for test class com.ljq.project.UserTest
19:07:42.303 [main] DEBUG org.springframework.boot.test.context.SpringBootTestContextBootstrapper - @TestExecutionListeners is not present for class [com.ljq.project.UserTest]: using defaults.
19:07:42.304 [main] INFO org.springframework.boot.test.context.SpringBootTestContextBootstrapper - Loaded default TestExecutionListener class names from location [META-INF/spring.factories]: [org.springframework.boot.test.mock.mockito.MockitoTestExecutionListener, org.springframework.boot.test.mock.mockito.ResetMocksTestExecutionListener, org.springframework.boot.test.autoconfigure.restdocs.RestDocsTestExecutionListener, org.springframework.boot.test.autoconfigure.web.client.MockRestServiceServerResetTestExecutionListener, org.springframework.boot.test.autoconfigure.web.servlet.MockMvcPrintOnlyOnFailureTestExecutionListener, org.springframework.boot.test.autoconfigure.web.servlet.WebDriverTestExecutionListener, org.springframework.boot.test.autoconfigure.webservices.client.MockWebServiceServerTestExecutionListener, org.springframework.test.context.web.ServletTestExecutionListener, org.springframework.test.context.support.DirtiesContextBeforeModesTestExecutionListener, org.springframework.test.context.support.DependencyInjectionTestExecutionListener, org.springframework.test.context.support.DirtiesContextTestExecutionListener, org.springframework.test.context.transaction.TransactionalTestExecutionListener, org.springframework.test.context.jdbc.SqlScriptsTestExecutionListener, org.springframework.test.context.event.EventPublishingTestExecutionListener]
19:07:42.317 [main] INFO org.springframework.boot.test.context.SpringBootTestContextBootstrapper - Using TestExecutionListeners: [org.springframework.test.context.web.ServletTestExecutionListener@5e3f861, org.springframework.test.context.support.DirtiesContextBeforeModesTestExecutionListener@2fb0623e, org.springframework.boot.test.mock.mockito.MockitoTestExecutionListener@49b2a47d, org.springframework.boot.test.autoconfigure.SpringBootDependencyInjectionTestExecutionListener@5be1d0a4, org.springframework.test.context.support.DirtiesContextTestExecutionListener@415b0b49, org.springframework.test.context.transaction.TransactionalTestExecutionListener@6d5620ce, org.springframework.test.context.jdbc.SqlScriptsTestExecutionListener@311bf055, org.springframework.test.context.event.EventPublishingTestExecutionListener@642a7222, org.springframework.boot.test.mock.mockito.ResetMocksTestExecutionListener@7d322cad, org.springframework.boot.test.autoconfigure.restdocs.RestDocsTestExecutionListener@21be3395, org.springframework.boot.test.autoconfigure.web.client.MockRestServiceServerResetTestExecutionListener@4f49f6af, org.springframework.boot.test.autoconfigure.web.servlet.MockMvcPrintOnlyOnFailureTestExecutionListener@78452606, org.springframework.boot.test.autoconfigure.web.servlet.WebDriverTestExecutionListener@147e2ae7, org.springframework.boot.test.autoconfigure.webservices.client.MockWebServiceServerTestExecutionListener@448c8166]
19:07:42.321 [main] DEBUG org.springframework.test.context.support.AbstractDirtiesContextTestExecutionListener - Before test class: context [DefaultTestContext@1a5a4e19 testClass = UserTest, testInstance = [null], testMethod = [null], testException = [null], mergedContextConfiguration = [WebMergedContextConfiguration@7068e664 testClass = UserTest, locations = '{}', classes = '{class com.ljq.project.ProviderApplication}', contextInitializerClasses = '[]', activeProfiles = '{}', propertySourceLocations = '{}', propertySourceProperties = '{org.springframework.boot.test.context.SpringBootTestContextBootstrapper=true}', contextCustomizers = set[org.springframework.boot.test.context.filter.ExcludeFilterContextCustomizer@26794848, org.springframework.boot.test.json.DuplicateJsonObjectContextCustomizerFactory$DuplicateJsonObjectContextCustomizer@40005471, org.springframework.boot.test.mock.mockito.MockitoContextCustomizer@0, org.springframework.boot.test.web.client.TestRestTemplateContextCustomizer@fa4c865, org.springframework.boot.test.autoconfigure.properties.PropertyMappingContextCustomizer@0, org.springframework.boot.test.autoconfigure.web.servlet.WebDriverContextCustomizerFactory$Customizer@4988d8b8, org.springframework.boot.test.context.SpringBootTestArgs@1, org.springframework.boot.test.context.SpringBootTestWebEnvironment@5f9d02cb], resourceBasePath = 'src/main/webapp', contextLoader = 'org.springframework.boot.test.context.SpringBootContextLoader', parent = [null]], attributes = map['org.springframework.test.context.web.ServletTestExecutionListener.activateListener' -> true]], class annotated with @DirtiesContext [false] with mode [null].
19:07:42.345 [main] DEBUG org.springframework.test.context.support.TestPropertySourceUtils - Adding inlined properties to environment: {spring.jmx.enabled=false, org.springframework.boot.test.context.SpringBootTestContextBootstrapper=true}

  .   ____          _            __ _ _
 /\\ / ___'_ __ _ _(_)_ __  __ _ \ \ \ \
( ( )\___ | '_ | '_| | '_ \/ _` | \ \ \ \
 \\/  ___)| |_)| | | | | || (_| |  ) ) ) )
  '  |____| .__|_| |_|_| |_\__, | / / / /
 =========|_|==============|___/=/_/_/_/
 :: Spring Boot ::       (v2.3.12.RELEASE)

2022-06-27 19:07:46.513  INFO 15676 --- [           main] com.ljq.project.UserTest                 : No active profile set, falling back to default profiles: default
2022-06-27 19:07:47.216  INFO 15676 --- [           main] .s.d.r.c.RepositoryConfigurationDelegate : Multiple Spring Data modules found, entering strict repository configuration mode!
2022-06-27 19:07:47.219  INFO 15676 --- [           main] .s.d.r.c.RepositoryConfigurationDelegate : Bootstrapping Spring Data Redis repositories in DEFAULT mode.
2022-06-27 19:07:47.241  INFO 15676 --- [           main] .s.d.r.c.RepositoryConfigurationDelegate : Finished Spring Data repository scanning in 9ms. Found 0 Redis repository interfaces.
2022-06-27 19:07:47.316  WARN 15676 --- [           main] o.s.boot.actuate.endpoint.EndpointId     : Endpoint ID 'service-registry' contains invalid characters, please migrate to a valid format.
2022-06-27 19:07:47.448  INFO 15676 --- [           main] o.s.cloud.context.scope.GenericScope     : BeanFactory id=2d66f70c-381e-39b9-ab5f-2768c2a9ad23
2022-06-27 19:07:48.287  WARN 15676 --- [           main] c.n.c.sources.URLConfigurationSource     : No URLs will be polled as dynamic configuration sources.
2022-06-27 19:07:48.287  INFO 15676 --- [           main] c.n.c.sources.URLConfigurationSource     : To enable URLs as dynamic configuration sources, define System property archaius.configurationSource.additionalUrls or make config.properties available on classpath.
2022-06-27 19:07:48.293  WARN 15676 --- [           main] c.n.c.sources.URLConfigurationSource     : No URLs will be polled as dynamic configuration sources.
2022-06-27 19:07:48.293  INFO 15676 --- [           main] c.n.c.sources.URLConfigurationSource     : To enable URLs as dynamic configuration sources, define System property archaius.configurationSource.additionalUrls or make config.properties available on classpath.
2022-06-27 19:07:48.771  INFO 15676 --- [           main] o.s.s.concurrent.ThreadPoolTaskExecutor  : Initializing ExecutorService 'applicationTaskExecutor'
2022-06-27 19:07:49.550  WARN 15676 --- [           main] o.s.boot.actuate.endpoint.EndpointId     : Endpoint ID 'nacos-discovery' contains invalid characters, please migrate to a valid format.
2022-06-27 19:07:51.572  INFO 15676 --- [           main] o.s.cloud.commons.util.InetUtils         : Cannot determine local hostname
2022-06-27 19:07:51.947  INFO 15676 --- [           main] o.s.s.c.ThreadPoolTaskScheduler          : Initializing ExecutorService
2022-06-27 19:07:53.913  INFO 15676 --- [           main] o.s.cloud.commons.util.InetUtils         : Cannot determine local hostname
2022-06-27 19:07:54.006  INFO 15676 --- [           main] o.s.b.a.e.web.EndpointLinksResolver      : Exposing 2 endpoint(s) beneath base path '/actuator'
2022-06-27 19:07:54.065  INFO 15676 --- [           main] com.ljq.project.UserTest                 : Started UserTest in 11.712 seconds (JVM running for 12.569)
]]></system-out>
  </testcase>
</testsuite>